C:\Program Files (x86)\Microsoft Visual Studio 11.0\Common7\IDE> "C:\Windows\Microsoft.NET\Framework\v4.0.30319\csc.exe" /t:library /utf8output /nostdlib+ /R:"C:\Program Files (x86)\Reference Assemblies\Microsoft\Framework\.NETFramework\v4.5\mscorlib.dll" /R:"C:\Program Files (x86)\Reference Assemblies\Microsoft\Framework\.NETFramework\v4.5\System.Configuration.dll" /R:"C:\Program Files (x86)\Reference Assemblies\Microsoft\Framework\.NETFramework\v4.5\Microsoft.CSharp.dll" /R:"C:\Program Files (x86)\Reference Assemblies\Microsoft\Framework\.NETFramework\v4.5\System.Web.Entity.dll" /R:"C:\Windows\Microsoft.Net\assembly\GAC_MSIL\System.Web.WebPages.Deployment\v4.0_1.0.0.0__31bf3856ad364e35\System.Web.WebPages.Deployment.dll" /R:"D:\WinCVS\ThimeXMLORDER\_wincvs_thimexmlorder\1d056052\e903bb52\App_global.asax.dll" /R:"C:\Program Files (x86)\Reference Assemblies\Microsoft\Framework\.NETFramework\v4.5\System.dll" /R:"C:\Program Files (x86)\Reference Assemblies\Microsoft\Framework\.NETFramework\v4.5\System.Xml.Linq.dll" /R:"C:\Program Files (x86)\Reference Assemblies\Microsoft\Framework\.NETFramework\v4.5\System.Xml.dll" /R:"C:\Program Files (x86)\Reference Assemblies\Microsoft\Framework\.NETFramework\v4.5\System.Data.DataSetExtensions.dll" /R:"D:\WinCVS\ThimeXMLORDER\_wincvs_thimexmlorder\1d056052\e903bb52\App_Web_us1vyvhi.dll" /R:"C:\Program Files (x86)\Reference Assemblies\Microsoft\Framework\.NETFramework\v4.5\System.Web.dll" /R:"C:\Program Files (x86)\Reference Assemblies\Microsoft\Framework\.NETFramework\v4.5\System.Runtime.Serialization.dll" /R:"C:\Program Files (x86)\Reference Assemblies\Microsoft\Framework\.NETFramework\v4.5\System.Drawing.dll" /R:"D:\WinCVS\ThimeXMLORDER\_wincvs_thimexmlorder\1d056052\e903bb52\App_Code.dll" /R:"C:\Program Files (x86)\Reference Assemblies\Microsoft\Framework\.NETFramework\v4.5\System.ServiceModel.dll" /R:"C:\Program Files (x86)\Reference Assemblies\Microsoft\Framework\.NETFramework\v4.5\System.IdentityModel.dll" /R:"C:\Program Files (x86)\Reference Assemblies\Microsoft\Framework\.NETFramework\v4.5\System.Web.Extensions.dll" /R:"C:\Program Files (x86)\Reference Assemblies\Microsoft\Framework\.NETFramework\v4.5\System.EnterpriseServices.dll" /R:"C:\Program Files (x86)\Reference Assemblies\Microsoft\Framework\.NETFramework\v4.5\System.Web.Services.dll" /R:"C:\Program Files (x86)\Reference Assemblies\Microsoft\Framework\.NETFramework\v4.5\System.IO.Compression.dll" /R:"C:\Program Files (x86)\Reference Assemblies\Microsoft\Framework\.NETFramework\v4.5\System.Data.dll" /R:"C:\Program Files (x86)\Reference Assemblies\Microsoft\Framework\.NETFramework\v4.5\System.Activities.dll" /R:"C:\Windows\Microsoft.Net\assembly\GAC_MSIL\Microsoft.VisualStudio.Web.PageInspector.Loader\v4.0_1.0.0.0__b03f5f7f11d50a3a\Microsoft.VisualStudio.Web.PageInspector.Loader.dll" /R:"C:\Program Files (x86)\Reference Assemblies\Microsoft\Framework\.NETFramework\v4.5\System.Web.ApplicationServices.dll" /R:"C:\Program Files (x86)\Reference Assemblies\Microsoft\Framework\.NETFramework\v4.5\System.IO.Compression.FileSystem.dll" /R:"C:\Program Files (x86)\Reference Assemblies\Microsoft\Framework\.NETFramework\v4.5\System.ServiceModel.Web.dll" /R:"C:\Program Files (x86)\Reference Assemblies\Microsoft\Framework\.NETFramework\v4.5\System.ServiceModel.Activation.dll" /R:"C:\Program Files (x86)\Reference Assemblies\Microsoft\Framework\.NETFramework\v4.5\System.ComponentModel.DataAnnotations.dll" /R:"C:\Program Files (x86)\Reference Assemblies\Microsoft\Framework\.NETFramework\v4.5\System.ServiceModel.Activities.dll" /R:"C:\Program Files (x86)\Reference Assemblies\Microsoft\Framework\.NETFramework\v4.5\System.WorkflowServices.dll" /R:"C:\Program Files (x86)\Reference Assemblies\Microsoft\Framework\.NETFramework\v4.5\System.Web.DynamicData.dll" /R:"C:\Program Files (x86)\Reference Assemblies\Microsoft\Framework\.NETFramework\v4.5\System.Core.dll" /R:"C:\Windows\Microsoft.Net\assembly\GAC_MSIL\System.Web.WebPages.Deployment\v4.0_2.0.0.0__31bf3856ad364e35\System.Web.WebPages.Deployment.dll" /out:"D:\WinCVS\ThimeXMLORDER\_wincvs_thimexmlorder\1d056052\e903bb52\App_Web_rek1qud0.dll" /D:DEBUG /debug+ /optimize- /w:4 /define:CODE_ANALYSIS /nowarn:1659;1699;1701 /warnaserror-  "D:\WinCVS\ThimeXMLORDER\_wincvs_thimexmlorder\1d056052\e903bb52\App_Web_rek1qud0.0.cs" "D:\WinCVS\ThimeXMLORDER\_wincvs_thimexmlorder\1d056052\e903bb52\App_Web_rek1qud0.1.cs" "D:\WinCVS\ThimeXMLORDER\_wincvs_thimexmlorder\1d056052\e903bb52\App_Web_rek1qud0.2.cs" "D:\WinCVS\ThimeXMLORDER\_wincvs_thimexmlorder\1d056052\e903bb52\App_Web_rek1qud0.3.cs" "D:\WinCVS\ThimeXMLORDER\_wincvs_thimexmlorder\1d056052\e903bb52\App_Web_rek1qud0.4.cs" "D:\WinCVS\ThimeXMLORDER\_wincvs_thimexmlorder\1d056052\e903bb52\App_Web_rek1qud0.5.cs" "D:\WinCVS\ThimeXMLORDER\_wincvs_thimexmlorder\1d056052\e903bb52\App_Web_rek1qud0.6.cs"


Microsoft (R) Visual C# Compiler version 4.6.1055.0
for C# 5
Copyright (C) Microsoft Corporation. All rights reserved.

This compiler is provided as part of the Microsoft (R) .NET Framework, but only supports language versions up to C# 5, which is no longer the latest version. For compilers that support newer versions of the C# programming language, see http://go.microsoft.com/fwlink/?LinkID=533240

d:\WinCVS\ThimeXMLORDER\OrderCreator.aspx.cs(285,13): warning CS0618: 'System.Web.UI.Page.RegisterClientScriptBlock(string, string)' is obsolete: 'The recommended alternative is ClientScript.RegisterClientScriptBlock(Type type, string key, string script). http://go.microsoft.com/fwlink/?linkid=14202'
d:\WinCVS\ThimeXMLORDER\OrderCreator.aspx.cs(393,17): warning CS0618: 'System.Web.UI.Page.RegisterClientScriptBlock(string, string)' is obsolete: 'The recommended alternative is ClientScript.RegisterClientScriptBlock(Type type, string key, string script). http://go.microsoft.com/fwlink/?linkid=14202'
d:\WinCVS\ThimeXMLORDER\OrderCreator.aspx.cs(485,13): warning CS0618: 'System.Web.UI.Page.RegisterClientScriptBlock(string, string)' is obsolete: 'The recommended alternative is ClientScript.RegisterClientScriptBlock(Type type, string key, string script). http://go.microsoft.com/fwlink/?linkid=14202'
d:\WinCVS\ThimeXMLORDER\OrderCreator.aspx.cs(678,21): warning CS0162: Unreachable code detected
d:\WinCVS\ThimeXMLORDER\OrderCreator.aspx.cs(683,21): warning CS0162: Unreachable code detected
d:\WinCVS\ThimeXMLORDER\OrderCreator.aspx.cs(688,21): warning CS0162: Unreachable code detected
d:\WinCVS\ThimeXMLORDER\OrderCreator.aspx.cs(693,21): warning CS0162: Unreachable code detected
d:\WinCVS\ThimeXMLORDER\OrderCreator.aspx.cs(698,21): warning CS0162: Unreachable code detected
d:\WinCVS\ThimeXMLORDER\OrderCreator.aspx.cs(703,21): warning CS0162: Unreachable code detected
d:\WinCVS\ThimeXMLORDER\OrderCreator.aspx.cs(708,21): warning CS0162: Unreachable code detected
d:\WinCVS\ThimeXMLORDER\OrderCreator.aspx.cs(713,21): warning CS0162: Unreachable code detected
d:\WinCVS\ThimeXMLORDER\OrderCreator.aspx.cs(718,21): warning CS0162: Unreachable code detected
d:\WinCVS\ThimeXMLORDER\OrderCreator.aspx.cs(723,21): warning CS0162: Unreachable code detected
d:\WinCVS\ThimeXMLORDER\OrderCreator.aspx.cs(728,21): warning CS0162: Unreachable code detected
d:\WinCVS\ThimeXMLORDER\OrderCreator.aspx.cs(733,21): warning CS0162: Unreachable code detected
d:\WinCVS\ThimeXMLORDER\OrderCreator.aspx.cs(738,21): warning CS0162: Unreachable code detected
d:\WinCVS\ThimeXMLORDER\OrderCreator.aspx.cs(743,21): warning CS0162: Unreachable code detected
d:\WinCVS\ThimeXMLORDER\OrderCreator.aspx.cs(748,21): warning CS0162: Unreachable code detected
d:\WinCVS\ThimeXMLORDER\OrderCreator.aspx.cs(753,21): warning CS0162: Unreachable code detected
d:\WinCVS\ThimeXMLORDER\OrderCreator.aspx.cs(758,21): warning CS0162: Unreachable code detected
d:\WinCVS\ThimeXMLORDER\OrderCreator.aspx.cs(763,21): warning CS0162: Unreachable code detected
d:\WinCVS\ThimeXMLORDER\OrderCreator.aspx.cs(768,21): warning CS0162: Unreachable code detected
d:\WinCVS\ThimeXMLORDER\OrderCreator.aspx.cs(773,21): warning CS0162: Unreachable code detected
d:\WinCVS\ThimeXMLORDER\OrderCreator.aspx.cs(778,21): warning CS0162: Unreachable code detected
d:\WinCVS\ThimeXMLORDER\OrderCreator.aspx.cs(783,21): warning CS0162: Unreachable code detected
d:\WinCVS\ThimeXMLORDER\OrderCreator.aspx.cs(788,21): warning CS0162: Unreachable code detected
d:\WinCVS\ThimeXMLORDER\OrderCreator.aspx.cs(793,21): warning CS0162: Unreachable code detected
d:\WinCVS\ThimeXMLORDER\OrderCreator.aspx.cs(798,21): warning CS0162: Unreachable code detected
d:\WinCVS\ThimeXMLORDER\OrderCreator.aspx.cs(803,21): warning CS0162: Unreachable code detected
d:\WinCVS\ThimeXMLORDER\OrderCreator.aspx.cs(808,21): warning CS0162: Unreachable code detected
d:\WinCVS\ThimeXMLORDER\OrderCreator.aspx.cs(813,21): warning CS0162: Unreachable code detected
d:\WinCVS\ThimeXMLORDER\OrderCreator.aspx.cs(818,21): warning CS0162: Unreachable code detected
d:\WinCVS\ThimeXMLORDER\OrderCreator.aspx.cs(823,21): warning CS0162: Unreachable code detected
d:\WinCVS\ThimeXMLORDER\EMCOrder.aspx.cs(185,17): warning CS0618: 'System.Web.UI.Page.RegisterClientScriptBlock(string, string)' is obsolete: 'The recommended alternative is ClientScript.RegisterClientScriptBlock(Type type, string key, string script). http://go.microsoft.com/fwlink/?linkid=14202'
