05-01-2023 11:24:13 File created : D:\deepak\ln_report\LN-Report_Syntheses_01-01-2023_05-01-2023.xlsx
05-01-2023 11:24:20 Mail sent successfully.
05-01-2023 11:24:22 Syntheses report sent : LN-Report_Syntheses_01-01-2023_05-01-2023.xlsx
05-01-2023 11:50:31 File created : D:\deepak\Reporting_tool\ln_report\LN-Report_Revues_01-01-2023_05-01-2023.xlsx
05-01-2023 11:51:24 Revue report sent : LN-Report_Revues_01-01-2023_05-01-2023.xlsx
05-01-2023 12:41:22 File created : D:\deepak\Reporting_tool\ln_report\LN-Report_Revues_29-11-2022_30-11-2022.xlsx
05-01-2023 12:41:23 Mail sent successfully.
05-01-2023 12:41:23 Revue report sent : LN-Report_Revues_29-11-2022_30-11-2022.xlsx
05-01-2023 12:47:15 File created : D:\deepak\Reporting_tool\ln_report\LN-Report_Revues_29-12-2022_30-01-2023.xlsx
05-01-2023 12:47:22 Mail sent successfully.
05-01-2023 12:47:27 Revue report sent : LN-Report_Revues_29-12-2022_30-01-2023.xlsx
05-01-2023 12:54:01 File created : D:\deepak\Reporting_tool\ln_report\LN-Report_Encyclopedia_01-01-2023_05-01-2023.xlsx
05-01-2023 12:54:03 Mail sent successfully.
05-01-2023 12:54:58 Encyclopedia report sent : LN-Report_Encyclopedia_01-01-2023_05-01-2023.xlsx
05-01-2023 13:00:38 File created : D:\deepak\Reporting_tool\ln_report\LN-Report_Fiches-J_01-01-2023_05-01-2023.xlsx
05-01-2023 13:00:47 Fiches-J report sent : LN-Report_Fiches-J_01-01-2023_05-01-2023.xlsx
05-01-2023 13:06:40 File created : D:\deepak\Reporting_tool\ln_report\LN-Report_Fiches-J_08-12-2022_12-12-2022.xlsx
05-01-2023 13:08:06 Mail sent successfully.
05-01-2023 13:08:08 Fiches-J report sent : LN-Report_Fiches-J_08-12-2022_12-12-2022.xlsx
05-01-2023 13:13:50 File created : D:\deepak\Reporting_tool\ln_report\LN-Report_Fiches-J_01-01-2023_05-01-2023.xlsx
05-01-2023 13:17:02 Mail sent successfully.
05-01-2023 13:23:30 File created : D:\deepak\Reporting_tool\ln_report\LN-Report_Syntheses_01-01-2023_05-01-2023.xlsx
05-01-2023 13:24:25 Mail sent successfully.
05-01-2023 13:24:28 Syntheses report sent : LN-Report_Syntheses_01-01-2023_05-01-2023.xlsx
