TimeStamp: 5:03:58 PM, 2 September, 2021 
Type: Error , , , 
The remote server returned an error: (403) Forbidden.  

====================================================

TimeStamp: 5:03:59 PM, 2 September, 2021 
Type: Error , , , 
The remote server returned an error: (403) Forbidden.  

====================================================

TimeStamp: 5:03:59 PM, 2 September, 2021 
Type: Error , , , 
The remote server returned an error: (403) Forbidden.  

====================================================

TimeStamp: 5:04:00 PM, 2 September, 2021 
Type: Error , , , 
The remote server returned an error: (403) Forbidden.  

====================================================

TimeStamp: 5:04:01 PM, 2 September, 2021 
Type: Error , , , 
The remote server returned an error: (403) Forbidden.  

====================================================

TimeStamp: 5:04:43 PM, 2 September, 2021 
Type: Error , , , 
Unable to connect to the remote server  

====================================================

TimeStamp: 5:04:44 PM, 2 September, 2021 
Type: Error , , , 
The remote server returned an error: (403) Forbidden.  

====================================================

TimeStamp: 5:04:47 PM, 2 September, 2021 
Type: Error , , , 
The remote server returned an error: (403) Forbidden.  

====================================================

TimeStamp: 5:04:48 PM, 2 September, 2021 
Type: Error , , , 
The remote server returned an error: (403) Forbidden.  

====================================================

TimeStamp: 5:04:48 PM, 2 September, 2021 
Type: Error , , , 
The remote server returned an error: (403) Forbidden.  

====================================================

TimeStamp: 5:04:49 PM, 2 September, 2021 
Type: Error , , , 
The remote server returned an error: (403) Forbidden.  

====================================================

TimeStamp: 5:04:50 PM, 2 September, 2021 
Type: Error , , , 
The remote server returned an error: (403) Forbidden.  

====================================================

TimeStamp: 5:04:50 PM, 2 September, 2021 
Type: Error , , , 
The remote server returned an error: (403) Forbidden.  

====================================================

TimeStamp: 5:04:51 PM, 2 September, 2021 
Type: Error , , , 
The remote server returned an error: (403) Forbidden.  

====================================================

TimeStamp: 5:05:07 PM, 2 September, 2021 
Type: Error , , , 
The remote server returned an error: (403) Forbidden.  

====================================================

TimeStamp: 5:05:07 PM, 2 September, 2021 
Type: Error , , , 
The remote server returned an error: (403) Forbidden.  

====================================================

TimeStamp: 5:05:08 PM, 2 September, 2021 
Type: Error , , , 
The remote server returned an error: (403) Forbidden.  

====================================================

TimeStamp: 5:05:09 PM, 2 September, 2021 
Type: Error , , , 
The remote server returned an error: (403) Forbidden.  

====================================================

TimeStamp: 5:05:10 PM, 2 September, 2021 
Type: Error , , , 
The remote server returned an error: (403) Forbidden.  

====================================================

TimeStamp: 5:05:10 PM, 2 September, 2021 
Type: Error , , , 
The remote server returned an error: (403) Forbidden.  

====================================================

TimeStamp: 5:05:11 PM, 2 September, 2021 
Type: Error , , , 
The remote server returned an error: (403) Forbidden.  

====================================================

TimeStamp: 5:11:51 PM, 2 September, 2021 
Type: Error , , , 
The remote server returned an error: (403) Forbidden.  

====================================================

TimeStamp: 5:11:52 PM, 2 September, 2021 
Type: Error , , , 
The remote server returned an error: (403) Forbidden.  

====================================================

TimeStamp: 5:11:52 PM, 2 September, 2021 
Type: Error , , , 
The remote server returned an error: (403) Forbidden.  

====================================================

TimeStamp: 5:11:53 PM, 2 September, 2021 
Type: Error , , , 
The remote server returned an error: (403) Forbidden.  

====================================================

TimeStamp: 5:11:54 PM, 2 September, 2021 
Type: Error , , , 
The remote server returned an error: (403) Forbidden.  

====================================================

TimeStamp: 5:11:55 PM, 2 September, 2021 
Type: Error , , , 
The remote server returned an error: (403) Forbidden.  

====================================================

TimeStamp: 5:11:55 PM, 2 September, 2021 
Type: Error , , , 
The remote server returned an error: (403) Forbidden.  

====================================================

TimeStamp: 5:11:59 PM, 2 September, 2021 
Type: Error , , , 
The remote server returned an error: (403) Forbidden.  

====================================================

TimeStamp: 5:11:59 PM, 2 September, 2021 
Type: Error , , , 
The remote server returned an error: (403) Forbidden.  

====================================================

TimeStamp: 5:12:00 PM, 2 September, 2021 
Type: Error , , , 
The remote server returned an error: (403) Forbidden.  

====================================================

TimeStamp: 5:12:01 PM, 2 September, 2021 
Type: Error , , , 
The remote server returned an error: (403) Forbidden.  

====================================================

TimeStamp: 5:12:02 PM, 2 September, 2021 
Type: Error , , , 
The remote server returned an error: (403) Forbidden.  

====================================================

TimeStamp: 5:12:02 PM, 2 September, 2021 
Type: Error , , , 
The remote server returned an error: (403) Forbidden.  

====================================================

TimeStamp: 5:12:03 PM, 2 September, 2021 
Type: Error , , , 
The remote server returned an error: (403) Forbidden.  

====================================================

TimeStamp: 5:12:19 PM, 2 September, 2021 
Type: Error , , , 
The remote server returned an error: (403) Forbidden.  

====================================================

TimeStamp: 5:12:19 PM, 2 September, 2021 
Type: Error , , , 
The remote server returned an error: (403) Forbidden.  

====================================================

TimeStamp: 5:12:20 PM, 2 September, 2021 
Type: Error , , , 
The remote server returned an error: (403) Forbidden.  

====================================================

TimeStamp: 5:12:21 PM, 2 September, 2021 
Type: Error , , , 
The remote server returned an error: (403) Forbidden.  

====================================================

TimeStamp: 5:12:22 PM, 2 September, 2021 
Type: Error , , , 
The remote server returned an error: (403) Forbidden.  

====================================================

TimeStamp: 5:12:22 PM, 2 September, 2021 
Type: Error , , , 
The remote server returned an error: (403) Forbidden.  

====================================================

TimeStamp: 5:12:23 PM, 2 September, 2021 
Type: Error , , , 
The remote server returned an error: (403) Forbidden.  

====================================================

TimeStamp: 5:18:25 PM, 2 September, 2021 
Type: Error , , , 
The remote server returned an error: (403) Forbidden.  

====================================================

TimeStamp: 5:18:26 PM, 2 September, 2021 
Type: Error , , , 
The remote server returned an error: (403) Forbidden.  

====================================================

TimeStamp: 5:18:27 PM, 2 September, 2021 
Type: Error , , , 
The remote server returned an error: (403) Forbidden.  

====================================================

TimeStamp: 5:18:28 PM, 2 September, 2021 
Type: Error , , , 
The remote server returned an error: (403) Forbidden.  

====================================================

TimeStamp: 5:19:10 PM, 2 September, 2021 
Type: Error , , , 
Unable to connect to the remote server  

====================================================

TimeStamp: 5:19:10 PM, 2 September, 2021 
Type: Error , , , 
The remote server returned an error: (403) Forbidden.  

====================================================

TimeStamp: 5:19:11 PM, 2 September, 2021 
Type: Error , , , 
The remote server returned an error: (403) Forbidden.  

====================================================

TimeStamp: 5:19:14 PM, 2 September, 2021 
Type: Error , , , 
The remote server returned an error: (403) Forbidden.  

====================================================

TimeStamp: 5:19:15 PM, 2 September, 2021 
Type: Error , , , 
The remote server returned an error: (403) Forbidden.  

====================================================

TimeStamp: 5:19:16 PM, 2 September, 2021 
Type: Error , , , 
The remote server returned an error: (403) Forbidden.  

====================================================

TimeStamp: 5:19:17 PM, 2 September, 2021 
Type: Error , , , 
The remote server returned an error: (403) Forbidden.  

====================================================

TimeStamp: 5:19:17 PM, 2 September, 2021 
Type: Error , , , 
The remote server returned an error: (403) Forbidden.  

====================================================

TimeStamp: 5:19:18 PM, 2 September, 2021 
Type: Error , , , 
The remote server returned an error: (403) Forbidden.  

====================================================

TimeStamp: 5:19:19 PM, 2 September, 2021 
Type: Error , , , 
The remote server returned an error: (403) Forbidden.  

====================================================

TimeStamp: 5:19:35 PM, 2 September, 2021 
Type: Error , , , 
The remote server returned an error: (403) Forbidden.  

====================================================

TimeStamp: 5:19:36 PM, 2 September, 2021 
Type: Error , , , 
The remote server returned an error: (403) Forbidden.  

====================================================

TimeStamp: 5:20:18 PM, 2 September, 2021 
Type: Error , , , 
Unable to connect to the remote server  

====================================================

TimeStamp: 5:20:19 PM, 2 September, 2021 
Type: Error , , , 
The remote server returned an error: (403) Forbidden.  

====================================================

TimeStamp: 5:20:20 PM, 2 September, 2021 
Type: Error , , , 
The remote server returned an error: (403) Forbidden.  

====================================================

TimeStamp: 5:20:20 PM, 2 September, 2021 
Type: Error , , , 
The remote server returned an error: (403) Forbidden.  

====================================================

TimeStamp: 5:20:21 PM, 2 September, 2021 
Type: Error , , , 
The remote server returned an error: (403) Forbidden.  

====================================================

TimeStamp: 5:25:38 PM, 2 September, 2021 
Type: Error , , , 
The remote server returned an error: (403) Forbidden.  

====================================================

TimeStamp: 5:25:39 PM, 2 September, 2021 
Type: Error , , , 
The remote server returned an error: (403) Forbidden.  

====================================================

TimeStamp: 5:25:40 PM, 2 September, 2021 
Type: Error , , , 
The remote server returned an error: (403) Forbidden.  

====================================================

TimeStamp: 5:25:40 PM, 2 September, 2021 
Type: Error , , , 
The remote server returned an error: (403) Forbidden.  

====================================================

TimeStamp: 5:25:41 PM, 2 September, 2021 
Type: Error , , , 
The remote server returned an error: (403) Forbidden.  

====================================================

TimeStamp: 5:25:42 PM, 2 September, 2021 
Type: Error , , , 
The remote server returned an error: (403) Forbidden.  

====================================================

TimeStamp: 5:25:43 PM, 2 September, 2021 
Type: Error , , , 
The remote server returned an error: (403) Forbidden.  

====================================================

TimeStamp: 5:25:46 PM, 2 September, 2021 
Type: Error , , , 
The remote server returned an error: (403) Forbidden.  

====================================================

TimeStamp: 5:25:46 PM, 2 September, 2021 
Type: Error , , , 
The remote server returned an error: (403) Forbidden.  

====================================================

TimeStamp: 5:25:47 PM, 2 September, 2021 
Type: Error , , , 
The remote server returned an error: (403) Forbidden.  

====================================================

TimeStamp: 5:25:48 PM, 2 September, 2021 
Type: Error , , , 
The remote server returned an error: (403) Forbidden.  

====================================================

TimeStamp: 5:25:49 PM, 2 September, 2021 
Type: Error , , , 
The remote server returned an error: (403) Forbidden.  

====================================================

TimeStamp: 5:25:49 PM, 2 September, 2021 
Type: Error , , , 
The remote server returned an error: (403) Forbidden.  

====================================================

TimeStamp: 5:25:50 PM, 2 September, 2021 
Type: Error , , , 
The remote server returned an error: (403) Forbidden.  

====================================================

TimeStamp: 5:26:06 PM, 2 September, 2021 
Type: Error , , , 
The remote server returned an error: (403) Forbidden.  

====================================================

TimeStamp: 5:26:06 PM, 2 September, 2021 
Type: Error , , , 
The remote server returned an error: (403) Forbidden.  

====================================================

TimeStamp: 5:26:07 PM, 2 September, 2021 
Type: Error , , , 
The remote server returned an error: (403) Forbidden.  

====================================================

TimeStamp: 5:26:08 PM, 2 September, 2021 
Type: Error , , , 
The remote server returned an error: (403) Forbidden.  

====================================================

TimeStamp: 5:26:09 PM, 2 September, 2021 
Type: Error , , , 
The remote server returned an error: (403) Forbidden.  

====================================================

TimeStamp: 5:26:09 PM, 2 September, 2021 
Type: Error , , , 
The remote server returned an error: (403) Forbidden.  

====================================================

TimeStamp: 5:26:10 PM, 2 September, 2021 
Type: Error , , , 
The remote server returned an error: (403) Forbidden.  

====================================================

TimeStamp: 5:31:54 PM, 2 September, 2021 
Type: Error , , , 
The remote server returned an error: (403) Forbidden.  

====================================================

TimeStamp: 5:31:55 PM, 2 September, 2021 
Type: Error , , , 
The remote server returned an error: (403) Forbidden.  

====================================================

TimeStamp: 5:31:56 PM, 2 September, 2021 
Type: Error , , , 
The remote server returned an error: (403) Forbidden.  

====================================================

TimeStamp: 5:31:57 PM, 2 September, 2021 
Type: Error , , , 
The remote server returned an error: (403) Forbidden.  

====================================================

TimeStamp: 5:31:57 PM, 2 September, 2021 
Type: Error , , , 
The remote server returned an error: (403) Forbidden.  

====================================================

TimeStamp: 5:31:58 PM, 2 September, 2021 
Type: Error , , , 
The remote server returned an error: (403) Forbidden.  

====================================================

TimeStamp: 5:31:59 PM, 2 September, 2021 
Type: Error , , , 
The remote server returned an error: (403) Forbidden.  

====================================================

TimeStamp: 5:32:02 PM, 2 September, 2021 
Type: Error , , , 
The remote server returned an error: (403) Forbidden.  

====================================================

TimeStamp: 5:32:03 PM, 2 September, 2021 
Type: Error , , , 
The remote server returned an error: (403) Forbidden.  

====================================================

TimeStamp: 5:32:03 PM, 2 September, 2021 
Type: Error , , , 
The remote server returned an error: (403) Forbidden.  

====================================================

TimeStamp: 5:32:04 PM, 2 September, 2021 
Type: Error , , , 
The remote server returned an error: (403) Forbidden.  

====================================================

TimeStamp: 5:32:05 PM, 2 September, 2021 
Type: Error , , , 
The remote server returned an error: (403) Forbidden.  

====================================================

TimeStamp: 5:32:06 PM, 2 September, 2021 
Type: Error , , , 
The remote server returned an error: (403) Forbidden.  

====================================================

TimeStamp: 5:32:06 PM, 2 September, 2021 
Type: Error , , , 
The remote server returned an error: (403) Forbidden.  

====================================================

TimeStamp: 5:32:22 PM, 2 September, 2021 
Type: Error , , , 
The remote server returned an error: (403) Forbidden.  

====================================================

TimeStamp: 5:32:22 PM, 2 September, 2021 
Type: Error , , , 
The remote server returned an error: (403) Forbidden.  

====================================================

TimeStamp: 5:32:23 PM, 2 September, 2021 
Type: Error , , , 
The remote server returned an error: (403) Forbidden.  

====================================================

TimeStamp: 5:32:24 PM, 2 September, 2021 
Type: Error , , , 
The remote server returned an error: (403) Forbidden.  

====================================================

TimeStamp: 5:32:24 PM, 2 September, 2021 
Type: Error , , , 
The remote server returned an error: (403) Forbidden.  

====================================================

TimeStamp: 5:32:25 PM, 2 September, 2021 
Type: Error , , , 
The remote server returned an error: (403) Forbidden.  

====================================================

TimeStamp: 5:32:26 PM, 2 September, 2021 
Type: Error , , , 
The remote server returned an error: (403) Forbidden.  

====================================================

TimeStamp: 5:59:33 PM, 2 September, 2021 
Type: Error , , , 
The remote server returned an error: (403) Forbidden.  

====================================================

TimeStamp: 5:59:34 PM, 2 September, 2021 
Type: Error , , , 
The remote server returned an error: (403) Forbidden.  

====================================================

TimeStamp: 5:59:34 PM, 2 September, 2021 
Type: Error , , , 
The remote server returned an error: (403) Forbidden.  

====================================================

TimeStamp: 5:59:35 PM, 2 September, 2021 
Type: Error , , , 
The remote server returned an error: (403) Forbidden.  

====================================================

TimeStamp: 5:59:36 PM, 2 September, 2021 
Type: Error , , , 
The remote server returned an error: (403) Forbidden.  

====================================================

TimeStamp: 5:59:37 PM, 2 September, 2021 
Type: Error , , , 
The remote server returned an error: (403) Forbidden.  

====================================================

TimeStamp: 5:59:37 PM, 2 September, 2021 
Type: Error , , , 
The remote server returned an error: (403) Forbidden.  

====================================================

TimeStamp: 5:59:41 PM, 2 September, 2021 
Type: Error , , , 
The remote server returned an error: (403) Forbidden.  

====================================================

TimeStamp: 5:59:41 PM, 2 September, 2021 
Type: Error , , , 
The remote server returned an error: (403) Forbidden.  

====================================================

TimeStamp: 5:59:42 PM, 2 September, 2021 
Type: Error , , , 
The remote server returned an error: (403) Forbidden.  

====================================================

TimeStamp: 5:59:43 PM, 2 September, 2021 
Type: Error , , , 
The remote server returned an error: (403) Forbidden.  

====================================================

TimeStamp: 5:59:43 PM, 2 September, 2021 
Type: Error , , , 
The remote server returned an error: (403) Forbidden.  

====================================================

TimeStamp: 5:59:44 PM, 2 September, 2021 
Type: Error , , , 
The remote server returned an error: (403) Forbidden.  

====================================================

TimeStamp: 5:59:45 PM, 2 September, 2021 
Type: Error , , , 
The remote server returned an error: (403) Forbidden.  

====================================================

TimeStamp: 6:00:00 PM, 2 September, 2021 
Type: Error , , , 
The remote server returned an error: (403) Forbidden.  

====================================================

TimeStamp: 6:00:01 PM, 2 September, 2021 
Type: Error , , , 
The remote server returned an error: (403) Forbidden.  

====================================================

TimeStamp: 6:00:02 PM, 2 September, 2021 
Type: Error , , , 
The remote server returned an error: (403) Forbidden.  

====================================================

TimeStamp: 6:00:03 PM, 2 September, 2021 
Type: Error , , , 
The remote server returned an error: (403) Forbidden.  

====================================================

TimeStamp: 6:00:03 PM, 2 September, 2021 
Type: Error , , , 
The remote server returned an error: (403) Forbidden.  

====================================================

TimeStamp: 6:00:04 PM, 2 September, 2021 
Type: Error , , , 
The remote server returned an error: (403) Forbidden.  

====================================================

TimeStamp: 6:00:05 PM, 2 September, 2021 
Type: Error , , , 
The remote server returned an error: (403) Forbidden.  

====================================================

