TimeStamp: 13:40:32, 21 November 2022 
Type: Error , , , 
The remote server returned an error: (403) Forbidden.  

====================================================

TimeStamp: 13:40:48, 21 November 2022 
Type: Error , , , 
The remote server returned an error: (403) Forbidden.  

====================================================

TimeStamp: 13:54:22, 21 November 2022 
Type: Error , , , 
The remote server returned an error: (403) Forbidden.  

====================================================

TimeStamp: 14:05:35, 21 November 2022 
Type: Error , , , 
The remote server returned an error: (403) Forbidden.  

====================================================

TimeStamp: 14:26:35, 21 November 2022 
Type: Error , , , 
The remote server returned an error: (403) Forbidden.  

====================================================

TimeStamp: 14:26:36, 21 November 2022 
Type: Error , , , 
The remote server returned an error: (403) Forbidden.  

====================================================

TimeStamp: 14:26:37, 21 November 2022 
Type: Error , , , 
The remote server returned an error: (403) Forbidden.  

====================================================

TimeStamp: 14:26:38, 21 November 2022 
Type: Error , , , 
The remote server returned an error: (403) Forbidden.  

====================================================

TimeStamp: 14:26:39, 21 November 2022 
Type: Error , , , 
The remote server returned an error: (403) Forbidden.  

====================================================

TimeStamp: 14:26:40, 21 November 2022 
Type: Error , , , 
The remote server returned an error: (403) Forbidden.  

====================================================

TimeStamp: 14:26:41, 21 November 2022 
Type: Error , , , 
The remote server returned an error: (403) Forbidden.  

====================================================

TimeStamp: 14:26:41, 21 November 2022 
Type: Error , , , 
The remote server returned an error: (403) Forbidden.  

====================================================

TimeStamp: 14:26:42, 21 November 2022 
Type: Error , , , 
The remote server returned an error: (403) Forbidden.  

====================================================

TimeStamp: 14:26:43, 21 November 2022 
Type: Error , , , 
The remote server returned an error: (403) Forbidden.  

====================================================

TimeStamp: 14:26:44, 21 November 2022 
Type: Error , , , 
The remote server returned an error: (403) Forbidden.  

====================================================

TimeStamp: 14:26:45, 21 November 2022 
Type: Error , , , 
The remote server returned an error: (403) Forbidden.  

====================================================

TimeStamp: 14:26:46, 21 November 2022 
Type: Error , , , 
The remote server returned an error: (403) Forbidden.  

====================================================

TimeStamp: 14:26:47, 21 November 2022 
Type: Error , , , 
The remote server returned an error: (403) Forbidden.  

====================================================

TimeStamp: 14:26:48, 21 November 2022 
Type: Error , , , 
The remote server returned an error: (403) Forbidden.  

====================================================

TimeStamp: 14:26:49, 21 November 2022 
Type: Error , , , 
The remote server returned an error: (403) Forbidden.  

====================================================

TimeStamp: 14:26:50, 21 November 2022 
Type: Error , , , 
The remote server returned an error: (403) Forbidden.  

====================================================

TimeStamp: 14:26:50, 21 November 2022 
Type: Error , , , 
The remote server returned an error: (403) Forbidden.  

====================================================

TimeStamp: 14:26:51, 21 November 2022 
Type: Error , , , 
The remote server returned an error: (403) Forbidden.  

====================================================

TimeStamp: 14:26:52, 21 November 2022 
Type: Error , , , 
The remote server returned an error: (403) Forbidden.  

====================================================

TimeStamp: 14:26:53, 21 November 2022 
Type: Error , , , 
The remote server returned an error: (403) Forbidden.  

====================================================

TimeStamp: 14:26:54, 21 November 2022 
Type: Error , , , 
The remote server returned an error: (403) Forbidden.  

====================================================

TimeStamp: 14:26:54, 21 November 2022 
Type: Error , , , 
The remote server returned an error: (403) Forbidden.  

====================================================

TimeStamp: 14:26:55, 21 November 2022 
Type: Error , , , 
The remote server returned an error: (403) Forbidden.  

====================================================

TimeStamp: 14:26:56, 21 November 2022 
Type: Error , , , 
The remote server returned an error: (403) Forbidden.  

====================================================

TimeStamp: 14:26:57, 21 November 2022 
Type: Error , , , 
The remote server returned an error: (403) Forbidden.  

====================================================

TimeStamp: 14:26:58, 21 November 2022 
Type: Error , , , 
The remote server returned an error: (403) Forbidden.  

====================================================

TimeStamp: 14:26:58, 21 November 2022 
Type: Error , , , 
The remote server returned an error: (403) Forbidden.  

====================================================

TimeStamp: 14:26:59, 21 November 2022 
Type: Error , , , 
The remote server returned an error: (403) Forbidden.  

====================================================

TimeStamp: 14:34:12, 21 November 2022 
Type: Error , , , 
The remote server returned an error: (403) Forbidden.  

====================================================

TimeStamp: 14:34:13, 21 November 2022 
Type: Error , , , 
The remote server returned an error: (403) Forbidden.  

====================================================

TimeStamp: 14:34:14, 21 November 2022 
Type: Error , , , 
The remote server returned an error: (403) Forbidden.  

====================================================

TimeStamp: 14:34:15, 21 November 2022 
Type: Error , , , 
The remote server returned an error: (403) Forbidden.  

====================================================

TimeStamp: 14:34:16, 21 November 2022 
Type: Error , , , 
The remote server returned an error: (403) Forbidden.  

====================================================

TimeStamp: 14:34:17, 21 November 2022 
Type: Error , , , 
The remote server returned an error: (403) Forbidden.  

====================================================

TimeStamp: 14:34:18, 21 November 2022 
Type: Error , , , 
The remote server returned an error: (403) Forbidden.  

====================================================

TimeStamp: 14:34:20, 21 November 2022 
Type: Error , , , 
The remote server returned an error: (403) Forbidden.  

====================================================

TimeStamp: 14:34:21, 21 November 2022 
Type: Error , , , 
The remote server returned an error: (403) Forbidden.  

====================================================

TimeStamp: 14:34:22, 21 November 2022 
Type: Error , , , 
The remote server returned an error: (403) Forbidden.  

====================================================

TimeStamp: 14:34:23, 21 November 2022 
Type: Error , , , 
The remote server returned an error: (403) Forbidden.  

====================================================

TimeStamp: 14:34:24, 21 November 2022 
Type: Error , , , 
The remote server returned an error: (403) Forbidden.  

====================================================

TimeStamp: 14:34:25, 21 November 2022 
Type: Error , , , 
The remote server returned an error: (403) Forbidden.  

====================================================

TimeStamp: 14:34:26, 21 November 2022 
Type: Error , , , 
The remote server returned an error: (403) Forbidden.  

====================================================

TimeStamp: 14:34:27, 21 November 2022 
Type: Error , , , 
The remote server returned an error: (403) Forbidden.  

====================================================

TimeStamp: 14:34:28, 21 November 2022 
Type: Error , , , 
The remote server returned an error: (403) Forbidden.  

====================================================

TimeStamp: 14:34:29, 21 November 2022 
Type: Error , , , 
The remote server returned an error: (403) Forbidden.  

====================================================

TimeStamp: 14:34:30, 21 November 2022 
Type: Error , , , 
The remote server returned an error: (403) Forbidden.  

====================================================

TimeStamp: 14:34:31, 21 November 2022 
Type: Error , , , 
The remote server returned an error: (403) Forbidden.  

====================================================

TimeStamp: 14:34:32, 21 November 2022 
Type: Error , , , 
The remote server returned an error: (403) Forbidden.  

====================================================

TimeStamp: 14:34:33, 21 November 2022 
Type: Error , , , 
The remote server returned an error: (403) Forbidden.  

====================================================

TimeStamp: 14:34:34, 21 November 2022 
Type: Error , , , 
The remote server returned an error: (403) Forbidden.  

====================================================

TimeStamp: 14:34:35, 21 November 2022 
Type: Error , , , 
The remote server returned an error: (403) Forbidden.  

====================================================

TimeStamp: 14:34:35, 21 November 2022 
Type: Error , , , 
The remote server returned an error: (403) Forbidden.  

====================================================

TimeStamp: 14:34:36, 21 November 2022 
Type: Error , , , 
The remote server returned an error: (403) Forbidden.  

====================================================

TimeStamp: 14:34:37, 21 November 2022 
Type: Error , , , 
The remote server returned an error: (403) Forbidden.  

====================================================

TimeStamp: 14:34:38, 21 November 2022 
Type: Error , , , 
The remote server returned an error: (403) Forbidden.  

====================================================

TimeStamp: 14:34:39, 21 November 2022 
Type: Error , , , 
The remote server returned an error: (403) Forbidden.  

====================================================

TimeStamp: 14:34:40, 21 November 2022 
Type: Error , , , 
The remote server returned an error: (403) Forbidden.  

====================================================

TimeStamp: 14:34:41, 21 November 2022 
Type: Error , , , 
The remote server returned an error: (403) Forbidden.  

====================================================

TimeStamp: 14:34:42, 21 November 2022 
Type: Error , , , 
The remote server returned an error: (403) Forbidden.  

====================================================

TimeStamp: 14:34:43, 21 November 2022 
Type: Error , , , 
The remote server returned an error: (403) Forbidden.  

====================================================

TimeStamp: 14:34:44, 21 November 2022 
Type: Error , , , 
The remote server returned an error: (403) Forbidden.  

====================================================

TimeStamp: 14:34:45, 21 November 2022 
Type: Error , , , 
The remote server returned an error: (403) Forbidden.  

====================================================

TimeStamp: 14:34:46, 21 November 2022 
Type: Error , , , 
The remote server returned an error: (403) Forbidden.  

====================================================

TimeStamp: 14:34:47, 21 November 2022 
Type: Error , , , 
The remote server returned an error: (403) Forbidden.  

====================================================

TimeStamp: 14:34:48, 21 November 2022 
Type: Error , , , 
The remote server returned an error: (403) Forbidden.  

====================================================

TimeStamp: 14:34:49, 21 November 2022 
Type: Error , , , 
The remote server returned an error: (403) Forbidden.  

====================================================

TimeStamp: 14:34:49, 21 November 2022 
Type: Error , , , 
The remote server returned an error: (403) Forbidden.  

====================================================

TimeStamp: 14:34:50, 21 November 2022 
Type: Error , , , 
The remote server returned an error: (403) Forbidden.  

====================================================

TimeStamp: 14:34:51, 21 November 2022 
Type: Error , , , 
The remote server returned an error: (403) Forbidden.  

====================================================

TimeStamp: 14:34:52, 21 November 2022 
Type: Error , , , 
The remote server returned an error: (403) Forbidden.  

====================================================

TimeStamp: 14:34:53, 21 November 2022 
Type: Error , , , 
The remote server returned an error: (403) Forbidden.  

====================================================

TimeStamp: 14:34:54, 21 November 2022 
Type: Error , , , 
The remote server returned an error: (403) Forbidden.  

====================================================

TimeStamp: 14:34:55, 21 November 2022 
Type: Error , , , 
The remote server returned an error: (403) Forbidden.  

====================================================

TimeStamp: 14:34:57, 21 November 2022 
Type: Error , , , 
The remote server returned an error: (403) Forbidden.  

====================================================

TimeStamp: 14:34:58, 21 November 2022 
Type: Error , , , 
The remote server returned an error: (403) Forbidden.  

====================================================

TimeStamp: 14:34:59, 21 November 2022 
Type: Error , , , 
The remote server returned an error: (403) Forbidden.  

====================================================

TimeStamp: 14:35:00, 21 November 2022 
Type: Error , , , 
The remote server returned an error: (403) Forbidden.  

====================================================

TimeStamp: 14:35:00, 21 November 2022 
Type: Error , , , 
The remote server returned an error: (403) Forbidden.  

====================================================

TimeStamp: 14:35:02, 21 November 2022 
Type: Error , , , 
The remote server returned an error: (403) Forbidden.  

====================================================

TimeStamp: 14:35:03, 21 November 2022 
Type: Error , , , 
The remote server returned an error: (403) Forbidden.  

====================================================

TimeStamp: 14:35:04, 21 November 2022 
Type: Error , , , 
The remote server returned an error: (403) Forbidden.  

====================================================

TimeStamp: 14:35:04, 21 November 2022 
Type: Error , , , 
The remote server returned an error: (403) Forbidden.  

====================================================

TimeStamp: 14:35:05, 21 November 2022 
Type: Error , , , 
The remote server returned an error: (403) Forbidden.  

====================================================

TimeStamp: 14:35:06, 21 November 2022 
Type: Error , , , 
The remote server returned an error: (403) Forbidden.  

====================================================

TimeStamp: 14:35:08, 21 November 2022 
Type: Error , , , 
The remote server returned an error: (403) Forbidden.  

====================================================

TimeStamp: 14:35:08, 21 November 2022 
Type: Error , , , 
The remote server returned an error: (403) Forbidden.  

====================================================

TimeStamp: 14:35:09, 21 November 2022 
Type: Error , , , 
The remote server returned an error: (403) Forbidden.  

====================================================

TimeStamp: 14:35:10, 21 November 2022 
Type: Error , , , 
The remote server returned an error: (403) Forbidden.  

====================================================

TimeStamp: 14:35:11, 21 November 2022 
Type: Error , , , 
The remote server returned an error: (403) Forbidden.  

====================================================

TimeStamp: 14:35:12, 21 November 2022 
Type: Error , , , 
The remote server returned an error: (403) Forbidden.  

====================================================

TimeStamp: 14:35:13, 21 November 2022 
Type: Error , , , 
The remote server returned an error: (403) Forbidden.  

====================================================

TimeStamp: 14:35:14, 21 November 2022 
Type: Error , , , 
The remote server returned an error: (403) Forbidden.  

====================================================

TimeStamp: 14:35:15, 21 November 2022 
Type: Error , , , 
The remote server returned an error: (403) Forbidden.  

====================================================

TimeStamp: 14:35:16, 21 November 2022 
Type: Error , , , 
The remote server returned an error: (403) Forbidden.  

====================================================

TimeStamp: 14:35:17, 21 November 2022 
Type: Error , , , 
The remote server returned an error: (403) Forbidden.  

====================================================

TimeStamp: 14:35:18, 21 November 2022 
Type: Error , , , 
The remote server returned an error: (403) Forbidden.  

====================================================

TimeStamp: 14:35:19, 21 November 2022 
Type: Error , , , 
The remote server returned an error: (403) Forbidden.  

====================================================

TimeStamp: 14:35:20, 21 November 2022 
Type: Error , , , 
The remote server returned an error: (403) Forbidden.  

====================================================

TimeStamp: 14:35:21, 21 November 2022 
Type: Error , , , 
The remote server returned an error: (403) Forbidden.  

====================================================

TimeStamp: 14:35:23, 21 November 2022 
Type: Error , , , 
The remote server returned an error: (403) Forbidden.  

====================================================

TimeStamp: 14:35:24, 21 November 2022 
Type: Error , , , 
The remote server returned an error: (403) Forbidden.  

====================================================

TimeStamp: 14:35:25, 21 November 2022 
Type: Error , , , 
The remote server returned an error: (403) Forbidden.  

====================================================

TimeStamp: 14:35:27, 21 November 2022 
Type: Error , , , 
The remote server returned an error: (403) Forbidden.  

====================================================

TimeStamp: 14:35:28, 21 November 2022 
Type: Error , , , 
The remote server returned an error: (403) Forbidden.  

====================================================

TimeStamp: 14:35:28, 21 November 2022 
Type: Error , , , 
The remote server returned an error: (403) Forbidden.  

====================================================

TimeStamp: 14:35:30, 21 November 2022 
Type: Error , , , 
The remote server returned an error: (403) Forbidden.  

====================================================

TimeStamp: 14:35:31, 21 November 2022 
Type: Error , , , 
The remote server returned an error: (403) Forbidden.  

====================================================

TimeStamp: 14:35:32, 21 November 2022 
Type: Error , , , 
The remote server returned an error: (403) Forbidden.  

====================================================

TimeStamp: 14:35:34, 21 November 2022 
Type: Error , , , 
The remote server returned an error: (403) Forbidden.  

====================================================

TimeStamp: 14:35:35, 21 November 2022 
Type: Error , , , 
The remote server returned an error: (403) Forbidden.  

====================================================

TimeStamp: 14:35:35, 21 November 2022 
Type: Error , , , 
The remote server returned an error: (403) Forbidden.  

====================================================

TimeStamp: 14:35:37, 21 November 2022 
Type: Error , , , 
The remote server returned an error: (403) Forbidden.  

====================================================

TimeStamp: 14:35:38, 21 November 2022 
Type: Error , , , 
The remote server returned an error: (403) Forbidden.  

====================================================

TimeStamp: 14:35:39, 21 November 2022 
Type: Error , , , 
The remote server returned an error: (403) Forbidden.  

====================================================

TimeStamp: 14:35:40, 21 November 2022 
Type: Error , , , 
The remote server returned an error: (403) Forbidden.  

====================================================

TimeStamp: 14:35:40, 21 November 2022 
Type: Error , , , 
The remote server returned an error: (403) Forbidden.  

====================================================

TimeStamp: 14:35:41, 21 November 2022 
Type: Error , , , 
The remote server returned an error: (403) Forbidden.  

====================================================

TimeStamp: 14:35:42, 21 November 2022 
Type: Error , , , 
The remote server returned an error: (403) Forbidden.  

====================================================

TimeStamp: 14:35:43, 21 November 2022 
Type: Error , , , 
The remote server returned an error: (403) Forbidden.  

====================================================

TimeStamp: 14:35:44, 21 November 2022 
Type: Error , , , 
The remote server returned an error: (403) Forbidden.  

====================================================

TimeStamp: 14:35:44, 21 November 2022 
Type: Error , , , 
The remote server returned an error: (403) Forbidden.  

====================================================

TimeStamp: 14:35:46, 21 November 2022 
Type: Error , , , 
The remote server returned an error: (403) Forbidden.  

====================================================

TimeStamp: 14:35:47, 21 November 2022 
Type: Error , , , 
The remote server returned an error: (403) Forbidden.  

====================================================

TimeStamp: 14:35:47, 21 November 2022 
Type: Error , , , 
The remote server returned an error: (403) Forbidden.  

====================================================

TimeStamp: 14:35:48, 21 November 2022 
Type: Error , , , 
The remote server returned an error: (403) Forbidden.  

====================================================

TimeStamp: 14:35:49, 21 November 2022 
Type: Error , , , 
The remote server returned an error: (403) Forbidden.  

====================================================

TimeStamp: 14:35:50, 21 November 2022 
Type: Error , , , 
The remote server returned an error: (403) Forbidden.  

====================================================

TimeStamp: 14:35:51, 21 November 2022 
Type: Error , , , 
The remote server returned an error: (403) Forbidden.  

====================================================

TimeStamp: 14:35:52, 21 November 2022 
Type: Error , , , 
The remote server returned an error: (403) Forbidden.  

====================================================

TimeStamp: 14:35:53, 21 November 2022 
Type: Error , , , 
The remote server returned an error: (403) Forbidden.  

====================================================

TimeStamp: 14:35:55, 21 November 2022 
Type: Error , , , 
The remote server returned an error: (403) Forbidden.  

====================================================

TimeStamp: 14:35:56, 21 November 2022 
Type: Error , , , 
The remote server returned an error: (403) Forbidden.  

====================================================

TimeStamp: 14:35:57, 21 November 2022 
Type: Error , , , 
The remote server returned an error: (403) Forbidden.  

====================================================

TimeStamp: 14:35:58, 21 November 2022 
Type: Error , , , 
The remote server returned an error: (403) Forbidden.  

====================================================

TimeStamp: 14:35:59, 21 November 2022 
Type: Error , , , 
The remote server returned an error: (403) Forbidden.  

====================================================

TimeStamp: 14:36:00, 21 November 2022 
Type: Error , , , 
The remote server returned an error: (403) Forbidden.  

====================================================

TimeStamp: 14:36:01, 21 November 2022 
Type: Error , , , 
The remote server returned an error: (403) Forbidden.  

====================================================

TimeStamp: 14:36:02, 21 November 2022 
Type: Error , , , 
The remote server returned an error: (403) Forbidden.  

====================================================

TimeStamp: 14:36:02, 21 November 2022 
Type: Error , , , 
The remote server returned an error: (403) Forbidden.  

====================================================

TimeStamp: 14:36:03, 21 November 2022 
Type: Error , , , 
The remote server returned an error: (403) Forbidden.  

====================================================

TimeStamp: 14:36:04, 21 November 2022 
Type: Error , , , 
The remote server returned an error: (403) Forbidden.  

====================================================

TimeStamp: 14:36:05, 21 November 2022 
Type: Error , , , 
The remote server returned an error: (403) Forbidden.  

====================================================

TimeStamp: 14:36:06, 21 November 2022 
Type: Error , , , 
The remote server returned an error: (403) Forbidden.  

====================================================

TimeStamp: 14:36:07, 21 November 2022 
Type: Error , , , 
The remote server returned an error: (403) Forbidden.  

====================================================

TimeStamp: 14:36:08, 21 November 2022 
Type: Error , , , 
The remote server returned an error: (403) Forbidden.  

====================================================

TimeStamp: 14:36:09, 21 November 2022 
Type: Error , , , 
The remote server returned an error: (403) Forbidden.  

====================================================

TimeStamp: 14:36:10, 21 November 2022 
Type: Error , , , 
The remote server returned an error: (403) Forbidden.  

====================================================

TimeStamp: 14:36:10, 21 November 2022 
Type: Error , , , 
The remote server returned an error: (403) Forbidden.  

====================================================

TimeStamp: 14:36:11, 21 November 2022 
Type: Error , , , 
The remote server returned an error: (403) Forbidden.  

====================================================

TimeStamp: 14:36:12, 21 November 2022 
Type: Error , , , 
The remote server returned an error: (403) Forbidden.  

====================================================

TimeStamp: 14:36:13, 21 November 2022 
Type: Error , , , 
The remote server returned an error: (403) Forbidden.  

====================================================

TimeStamp: 14:36:14, 21 November 2022 
Type: Error , , , 
The remote server returned an error: (403) Forbidden.  

====================================================

TimeStamp: 14:36:15, 21 November 2022 
Type: Error , , , 
The remote server returned an error: (403) Forbidden.  

====================================================

TimeStamp: 14:36:16, 21 November 2022 
Type: Error , , , 
The remote server returned an error: (403) Forbidden.  

====================================================

TimeStamp: 14:36:16, 21 November 2022 
Type: Error , , , 
The remote server returned an error: (403) Forbidden.  

====================================================

TimeStamp: 14:36:18, 21 November 2022 
Type: Error , , , 
The remote server returned an error: (403) Forbidden.  

====================================================

TimeStamp: 14:36:18, 21 November 2022 
Type: Error , , , 
The remote server returned an error: (403) Forbidden.  

====================================================

TimeStamp: 14:36:19, 21 November 2022 
Type: Error , , , 
The remote server returned an error: (403) Forbidden.  

====================================================

TimeStamp: 14:36:20, 21 November 2022 
Type: Error , , , 
The remote server returned an error: (403) Forbidden.  

====================================================

TimeStamp: 14:36:21, 21 November 2022 
Type: Error , , , 
The remote server returned an error: (403) Forbidden.  

====================================================

TimeStamp: 14:36:22, 21 November 2022 
Type: Error , , , 
The remote server returned an error: (403) Forbidden.  

====================================================

TimeStamp: 14:36:23, 21 November 2022 
Type: Error , , , 
The remote server returned an error: (403) Forbidden.  

====================================================

TimeStamp: 14:36:24, 21 November 2022 
Type: Error , , , 
The remote server returned an error: (403) Forbidden.  

====================================================

TimeStamp: 14:36:25, 21 November 2022 
Type: Error , , , 
The remote server returned an error: (403) Forbidden.  

====================================================

TimeStamp: 14:36:26, 21 November 2022 
Type: Error , , , 
The remote server returned an error: (403) Forbidden.  

====================================================

TimeStamp: 14:36:26, 21 November 2022 
Type: Error , , , 
The remote server returned an error: (403) Forbidden.  

====================================================

TimeStamp: 14:36:27, 21 November 2022 
Type: Error , , , 
The remote server returned an error: (403) Forbidden.  

====================================================

TimeStamp: 14:36:28, 21 November 2022 
Type: Error , , , 
The remote server returned an error: (403) Forbidden.  

====================================================

TimeStamp: 14:36:29, 21 November 2022 
Type: Error , , , 
The remote server returned an error: (403) Forbidden.  

====================================================

TimeStamp: 14:36:30, 21 November 2022 
Type: Error , , , 
The remote server returned an error: (403) Forbidden.  

====================================================

TimeStamp: 14:36:30, 21 November 2022 
Type: Error , , , 
The remote server returned an error: (403) Forbidden.  

====================================================

TimeStamp: 14:36:31, 21 November 2022 
Type: Error , , , 
The remote server returned an error: (403) Forbidden.  

====================================================

TimeStamp: 14:36:32, 21 November 2022 
Type: Error , , , 
The remote server returned an error: (403) Forbidden.  

====================================================

TimeStamp: 14:36:33, 21 November 2022 
Type: Error , , , 
The remote server returned an error: (403) Forbidden.  

====================================================

TimeStamp: 14:36:34, 21 November 2022 
Type: Error , , , 
The remote server returned an error: (403) Forbidden.  

====================================================

TimeStamp: 14:36:35, 21 November 2022 
Type: Error , , , 
The remote server returned an error: (403) Forbidden.  

====================================================

TimeStamp: 14:36:36, 21 November 2022 
Type: Error , , , 
The remote server returned an error: (403) Forbidden.  

====================================================

TimeStamp: 14:36:37, 21 November 2022 
Type: Error , , , 
The remote server returned an error: (403) Forbidden.  

====================================================

TimeStamp: 14:36:37, 21 November 2022 
Type: Error , , , 
The remote server returned an error: (403) Forbidden.  

====================================================

TimeStamp: 14:36:38, 21 November 2022 
Type: Error , , , 
The remote server returned an error: (403) Forbidden.  

====================================================

TimeStamp: 14:36:39, 21 November 2022 
Type: Error , , , 
The remote server returned an error: (403) Forbidden.  

====================================================

TimeStamp: 14:36:40, 21 November 2022 
Type: Error , , , 
The remote server returned an error: (403) Forbidden.  

====================================================

TimeStamp: 14:36:41, 21 November 2022 
Type: Error , , , 
The remote server returned an error: (403) Forbidden.  

====================================================

TimeStamp: 14:36:42, 21 November 2022 
Type: Error , , , 
The remote server returned an error: (403) Forbidden.  

====================================================

TimeStamp: 14:36:42, 21 November 2022 
Type: Error , , , 
The remote server returned an error: (403) Forbidden.  

====================================================

TimeStamp: 14:36:43, 21 November 2022 
Type: Error , , , 
The remote server returned an error: (403) Forbidden.  

====================================================

TimeStamp: 14:36:44, 21 November 2022 
Type: Error , , , 
The remote server returned an error: (403) Forbidden.  

====================================================

TimeStamp: 14:36:45, 21 November 2022 
Type: Error , , , 
The remote server returned an error: (403) Forbidden.  

====================================================

TimeStamp: 14:36:46, 21 November 2022 
Type: Error , , , 
The remote server returned an error: (403) Forbidden.  

====================================================

TimeStamp: 14:36:47, 21 November 2022 
Type: Error , , , 
The remote server returned an error: (403) Forbidden.  

====================================================

TimeStamp: 14:36:48, 21 November 2022 
Type: Error , , , 
The remote server returned an error: (403) Forbidden.  

====================================================

TimeStamp: 14:36:49, 21 November 2022 
Type: Error , , , 
The remote server returned an error: (403) Forbidden.  

====================================================

TimeStamp: 14:36:50, 21 November 2022 
Type: Error , , , 
The remote server returned an error: (403) Forbidden.  

====================================================

TimeStamp: 14:36:51, 21 November 2022 
Type: Error , , , 
The remote server returned an error: (403) Forbidden.  

====================================================

TimeStamp: 14:36:51, 21 November 2022 
Type: Error , , , 
The remote server returned an error: (403) Forbidden.  

====================================================

TimeStamp: 14:36:52, 21 November 2022 
Type: Error , , , 
The remote server returned an error: (403) Forbidden.  

====================================================

TimeStamp: 14:36:53, 21 November 2022 
Type: Error , , , 
The remote server returned an error: (403) Forbidden.  

====================================================

TimeStamp: 14:36:54, 21 November 2022 
Type: Error , , , 
The remote server returned an error: (403) Forbidden.  

====================================================

TimeStamp: 14:36:55, 21 November 2022 
Type: Error , , , 
The remote server returned an error: (403) Forbidden.  

====================================================

TimeStamp: 14:36:56, 21 November 2022 
Type: Error , , , 
The remote server returned an error: (403) Forbidden.  

====================================================

TimeStamp: 14:36:56, 21 November 2022 
Type: Error , , , 
The remote server returned an error: (403) Forbidden.  

====================================================

TimeStamp: 14:36:57, 21 November 2022 
Type: Error , , , 
The remote server returned an error: (403) Forbidden.  

====================================================

TimeStamp: 14:36:58, 21 November 2022 
Type: Error , , , 
The remote server returned an error: (403) Forbidden.  

====================================================

TimeStamp: 14:36:59, 21 November 2022 
Type: Error , , , 
The remote server returned an error: (403) Forbidden.  

====================================================

TimeStamp: 14:37:00, 21 November 2022 
Type: Error , , , 
The remote server returned an error: (403) Forbidden.  

====================================================

TimeStamp: 14:37:01, 21 November 2022 
Type: Error , , , 
The remote server returned an error: (403) Forbidden.  

====================================================

TimeStamp: 14:37:02, 21 November 2022 
Type: Error , , , 
The remote server returned an error: (403) Forbidden.  

====================================================

TimeStamp: 14:37:03, 21 November 2022 
Type: Error , , , 
The remote server returned an error: (403) Forbidden.  

====================================================

TimeStamp: 14:37:04, 21 November 2022 
Type: Error , , , 
The remote server returned an error: (403) Forbidden.  

====================================================

TimeStamp: 14:37:05, 21 November 2022 
Type: Error , , , 
The remote server returned an error: (403) Forbidden.  

====================================================

TimeStamp: 14:37:06, 21 November 2022 
Type: Error , , , 
The remote server returned an error: (403) Forbidden.  

====================================================

TimeStamp: 14:37:07, 21 November 2022 
Type: Error , , , 
The remote server returned an error: (403) Forbidden.  

====================================================

TimeStamp: 14:37:08, 21 November 2022 
Type: Error , , , 
The remote server returned an error: (403) Forbidden.  

====================================================

TimeStamp: 14:37:09, 21 November 2022 
Type: Error , , , 
The remote server returned an error: (403) Forbidden.  

====================================================

TimeStamp: 14:37:09, 21 November 2022 
Type: Error , , , 
The remote server returned an error: (403) Forbidden.  

====================================================

TimeStamp: 14:37:10, 21 November 2022 
Type: Error , , , 
The remote server returned an error: (403) Forbidden.  

====================================================

TimeStamp: 14:37:11, 21 November 2022 
Type: Error , , , 
The remote server returned an error: (403) Forbidden.  

====================================================

TimeStamp: 14:37:12, 21 November 2022 
Type: Error , , , 
The remote server returned an error: (403) Forbidden.  

====================================================

TimeStamp: 14:37:13, 21 November 2022 
Type: Error , , , 
The remote server returned an error: (403) Forbidden.  

====================================================

TimeStamp: 14:37:14, 21 November 2022 
Type: Error , , , 
The remote server returned an error: (403) Forbidden.  

====================================================

TimeStamp: 14:37:15, 21 November 2022 
Type: Error , , , 
The remote server returned an error: (403) Forbidden.  

====================================================

TimeStamp: 14:37:16, 21 November 2022 
Type: Error , , , 
The remote server returned an error: (403) Forbidden.  

====================================================

TimeStamp: 14:37:17, 21 November 2022 
Type: Error , , , 
The remote server returned an error: (403) Forbidden.  

====================================================

TimeStamp: 14:37:18, 21 November 2022 
Type: Error , , , 
The remote server returned an error: (403) Forbidden.  

====================================================

TimeStamp: 14:37:19, 21 November 2022 
Type: Error , , , 
The remote server returned an error: (403) Forbidden.  

====================================================

TimeStamp: 14:37:20, 21 November 2022 
Type: Error , , , 
The remote server returned an error: (403) Forbidden.  

====================================================

TimeStamp: 14:37:21, 21 November 2022 
Type: Error , , , 
The remote server returned an error: (403) Forbidden.  

====================================================

TimeStamp: 14:37:22, 21 November 2022 
Type: Error , , , 
The remote server returned an error: (403) Forbidden.  

====================================================

TimeStamp: 14:37:22, 21 November 2022 
Type: Error , , , 
The remote server returned an error: (403) Forbidden.  

====================================================

TimeStamp: 14:37:23, 21 November 2022 
Type: Error , , , 
The remote server returned an error: (403) Forbidden.  

====================================================

TimeStamp: 14:37:24, 21 November 2022 
Type: Error , , , 
The remote server returned an error: (403) Forbidden.  

====================================================

TimeStamp: 14:37:25, 21 November 2022 
Type: Error , , , 
The remote server returned an error: (403) Forbidden.  

====================================================

TimeStamp: 14:37:26, 21 November 2022 
Type: Error , , , 
The remote server returned an error: (403) Forbidden.  

====================================================

TimeStamp: 14:37:27, 21 November 2022 
Type: Error , , , 
The remote server returned an error: (403) Forbidden.  

====================================================

TimeStamp: 14:37:28, 21 November 2022 
Type: Error , , , 
The remote server returned an error: (403) Forbidden.  

====================================================

TimeStamp: 14:37:29, 21 November 2022 
Type: Error , , , 
The remote server returned an error: (403) Forbidden.  

====================================================

TimeStamp: 14:37:30, 21 November 2022 
Type: Error , , , 
The remote server returned an error: (403) Forbidden.  

====================================================

TimeStamp: 14:37:30, 21 November 2022 
Type: Error , , , 
The remote server returned an error: (403) Forbidden.  

====================================================

TimeStamp: 14:37:31, 21 November 2022 
Type: Error , , , 
The remote server returned an error: (403) Forbidden.  

====================================================

TimeStamp: 14:37:32, 21 November 2022 
Type: Error , , , 
The remote server returned an error: (403) Forbidden.  

====================================================

TimeStamp: 14:37:33, 21 November 2022 
Type: Error , , , 
The remote server returned an error: (403) Forbidden.  

====================================================

TimeStamp: 14:37:34, 21 November 2022 
Type: Error , , , 
The remote server returned an error: (403) Forbidden.  

====================================================

TimeStamp: 14:37:35, 21 November 2022 
Type: Error , , , 
The remote server returned an error: (403) Forbidden.  

====================================================

TimeStamp: 14:37:36, 21 November 2022 
Type: Error , , , 
The remote server returned an error: (403) Forbidden.  

====================================================

TimeStamp: 14:37:37, 21 November 2022 
Type: Error , , , 
The remote server returned an error: (403) Forbidden.  

====================================================

TimeStamp: 14:37:38, 21 November 2022 
Type: Error , , , 
The remote server returned an error: (403) Forbidden.  

====================================================

TimeStamp: 14:37:39, 21 November 2022 
Type: Error , , , 
The remote server returned an error: (403) Forbidden.  

====================================================

TimeStamp: 14:37:40, 21 November 2022 
Type: Error , , , 
The remote server returned an error: (403) Forbidden.  

====================================================

TimeStamp: 14:37:41, 21 November 2022 
Type: Error , , , 
The remote server returned an error: (403) Forbidden.  

====================================================

TimeStamp: 14:37:41, 21 November 2022 
Type: Error , , , 
The remote server returned an error: (403) Forbidden.  

====================================================

TimeStamp: 14:37:42, 21 November 2022 
Type: Error , , , 
The remote server returned an error: (403) Forbidden.  

====================================================

TimeStamp: 14:37:43, 21 November 2022 
Type: Error , , , 
The remote server returned an error: (403) Forbidden.  

====================================================

TimeStamp: 14:37:44, 21 November 2022 
Type: Error , , , 
The remote server returned an error: (403) Forbidden.  

====================================================

TimeStamp: 14:37:45, 21 November 2022 
Type: Error , , , 
The remote server returned an error: (403) Forbidden.  

====================================================

TimeStamp: 14:37:46, 21 November 2022 
Type: Error , , , 
The remote server returned an error: (403) Forbidden.  

====================================================

TimeStamp: 14:37:47, 21 November 2022 
Type: Error , , , 
The remote server returned an error: (403) Forbidden.  

====================================================

TimeStamp: 14:37:48, 21 November 2022 
Type: Error , , , 
The remote server returned an error: (403) Forbidden.  

====================================================

TimeStamp: 14:37:49, 21 November 2022 
Type: Error , , , 
The remote server returned an error: (403) Forbidden.  

====================================================

TimeStamp: 14:37:50, 21 November 2022 
Type: Error , , , 
The remote server returned an error: (403) Forbidden.  

====================================================

TimeStamp: 14:37:51, 21 November 2022 
Type: Error , , , 
The remote server returned an error: (403) Forbidden.  

====================================================

TimeStamp: 14:37:52, 21 November 2022 
Type: Error , , , 
The remote server returned an error: (403) Forbidden.  

====================================================

TimeStamp: 14:37:53, 21 November 2022 
Type: Error , , , 
The remote server returned an error: (403) Forbidden.  

====================================================

TimeStamp: 14:37:54, 21 November 2022 
Type: Error , , , 
The remote server returned an error: (403) Forbidden.  

====================================================

TimeStamp: 14:37:55, 21 November 2022 
Type: Error , , , 
The remote server returned an error: (403) Forbidden.  

====================================================

TimeStamp: 14:37:56, 21 November 2022 
Type: Error , , , 
The remote server returned an error: (403) Forbidden.  

====================================================

TimeStamp: 14:37:56, 21 November 2022 
Type: Error , , , 
The remote server returned an error: (403) Forbidden.  

====================================================

TimeStamp: 14:37:57, 21 November 2022 
Type: Error , , , 
The remote server returned an error: (403) Forbidden.  

====================================================

TimeStamp: 14:37:58, 21 November 2022 
Type: Error , , , 
The remote server returned an error: (403) Forbidden.  

====================================================

TimeStamp: 14:37:59, 21 November 2022 
Type: Error , , , 
The remote server returned an error: (403) Forbidden.  

====================================================

TimeStamp: 14:38:00, 21 November 2022 
Type: Error , , , 
The remote server returned an error: (403) Forbidden.  

====================================================

TimeStamp: 14:38:00, 21 November 2022 
Type: Error , , , 
The remote server returned an error: (403) Forbidden.  

====================================================

TimeStamp: 14:38:01, 21 November 2022 
Type: Error , , , 
The remote server returned an error: (403) Forbidden.  

====================================================

TimeStamp: 14:38:02, 21 November 2022 
Type: Error , , , 
The remote server returned an error: (403) Forbidden.  

====================================================

TimeStamp: 14:38:03, 21 November 2022 
Type: Error , , , 
The remote server returned an error: (403) Forbidden.  

====================================================

TimeStamp: 14:38:04, 21 November 2022 
Type: Error , , , 
The remote server returned an error: (403) Forbidden.  

====================================================

TimeStamp: 14:38:05, 21 November 2022 
Type: Error , , , 
The remote server returned an error: (403) Forbidden.  

====================================================

TimeStamp: 14:38:06, 21 November 2022 
Type: Error , , , 
The remote server returned an error: (403) Forbidden.  

====================================================

TimeStamp: 14:38:07, 21 November 2022 
Type: Error , , , 
The remote server returned an error: (403) Forbidden.  

====================================================

TimeStamp: 14:38:08, 21 November 2022 
Type: Error , , , 
The remote server returned an error: (403) Forbidden.  

====================================================

TimeStamp: 14:38:09, 21 November 2022 
Type: Error , , , 
The remote server returned an error: (403) Forbidden.  

====================================================

TimeStamp: 14:38:10, 21 November 2022 
Type: Error , , , 
The remote server returned an error: (403) Forbidden.  

====================================================

TimeStamp: 14:38:10, 21 November 2022 
Type: Error , , , 
The remote server returned an error: (403) Forbidden.  

====================================================

TimeStamp: 14:38:11, 21 November 2022 
Type: Error , , , 
The remote server returned an error: (403) Forbidden.  

====================================================

TimeStamp: 14:38:12, 21 November 2022 
Type: Error , , , 
The remote server returned an error: (403) Forbidden.  

====================================================

TimeStamp: 14:38:14, 21 November 2022 
Type: Error , , , 
The remote server returned an error: (403) Forbidden.  

====================================================

TimeStamp: 14:38:14, 21 November 2022 
Type: Error , , , 
The remote server returned an error: (403) Forbidden.  

====================================================

TimeStamp: 14:38:15, 21 November 2022 
Type: Error , , , 
The remote server returned an error: (403) Forbidden.  

====================================================

TimeStamp: 14:38:16, 21 November 2022 
Type: Error , , , 
The remote server returned an error: (403) Forbidden.  

====================================================

TimeStamp: 14:38:17, 21 November 2022 
Type: Error , , , 
The remote server returned an error: (403) Forbidden.  

====================================================

TimeStamp: 14:38:18, 21 November 2022 
Type: Error , , , 
The remote server returned an error: (403) Forbidden.  

====================================================

TimeStamp: 14:38:19, 21 November 2022 
Type: Error , , , 
The remote server returned an error: (403) Forbidden.  

====================================================

TimeStamp: 14:38:20, 21 November 2022 
Type: Error , , , 
The remote server returned an error: (403) Forbidden.  

====================================================

TimeStamp: 14:38:21, 21 November 2022 
Type: Error , , , 
The remote server returned an error: (403) Forbidden.  

====================================================

TimeStamp: 14:38:22, 21 November 2022 
Type: Error , , , 
The remote server returned an error: (403) Forbidden.  

====================================================

TimeStamp: 14:38:23, 21 November 2022 
Type: Error , , , 
The remote server returned an error: (403) Forbidden.  

====================================================

TimeStamp: 14:38:24, 21 November 2022 
Type: Error , , , 
The remote server returned an error: (403) Forbidden.  

====================================================

TimeStamp: 14:38:25, 21 November 2022 
Type: Error , , , 
The remote server returned an error: (403) Forbidden.  

====================================================

TimeStamp: 14:38:26, 21 November 2022 
Type: Error , , , 
The remote server returned an error: (403) Forbidden.  

====================================================

TimeStamp: 14:38:26, 21 November 2022 
Type: Error , , , 
The remote server returned an error: (403) Forbidden.  

====================================================

TimeStamp: 14:38:27, 21 November 2022 
Type: Error , , , 
The remote server returned an error: (403) Forbidden.  

====================================================

TimeStamp: 14:38:28, 21 November 2022 
Type: Error , , , 
The remote server returned an error: (403) Forbidden.  

====================================================

TimeStamp: 14:38:29, 21 November 2022 
Type: Error , , , 
The remote server returned an error: (403) Forbidden.  

====================================================

TimeStamp: 14:38:30, 21 November 2022 
Type: Error , , , 
The remote server returned an error: (403) Forbidden.  

====================================================

TimeStamp: 14:38:31, 21 November 2022 
Type: Error , , , 
The remote server returned an error: (403) Forbidden.  

====================================================

TimeStamp: 14:38:32, 21 November 2022 
Type: Error , , , 
The remote server returned an error: (403) Forbidden.  

====================================================

TimeStamp: 14:38:33, 21 November 2022 
Type: Error , , , 
The remote server returned an error: (403) Forbidden.  

====================================================

TimeStamp: 14:38:34, 21 November 2022 
Type: Error , , , 
The remote server returned an error: (403) Forbidden.  

====================================================

TimeStamp: 14:38:34, 21 November 2022 
Type: Error , , , 
The remote server returned an error: (403) Forbidden.  

====================================================

TimeStamp: 14:38:35, 21 November 2022 
Type: Error , , , 
The remote server returned an error: (403) Forbidden.  

====================================================

TimeStamp: 14:38:36, 21 November 2022 
Type: Error , , , 
The remote server returned an error: (403) Forbidden.  

====================================================

TimeStamp: 14:38:37, 21 November 2022 
Type: Error , , , 
The remote server returned an error: (403) Forbidden.  

====================================================

TimeStamp: 14:38:38, 21 November 2022 
Type: Error , , , 
The remote server returned an error: (403) Forbidden.  

====================================================

TimeStamp: 14:38:39, 21 November 2022 
Type: Error , , , 
The remote server returned an error: (403) Forbidden.  

====================================================

TimeStamp: 14:38:40, 21 November 2022 
Type: Error , , , 
The remote server returned an error: (403) Forbidden.  

====================================================

TimeStamp: 14:38:41, 21 November 2022 
Type: Error , , , 
The remote server returned an error: (403) Forbidden.  

====================================================

TimeStamp: 14:38:42, 21 November 2022 
Type: Error , , , 
The remote server returned an error: (403) Forbidden.  

====================================================

TimeStamp: 14:38:43, 21 November 2022 
Type: Error , , , 
The remote server returned an error: (403) Forbidden.  

====================================================

TimeStamp: 14:38:43, 21 November 2022 
Type: Error , , , 
The remote server returned an error: (403) Forbidden.  

====================================================

TimeStamp: 14:38:44, 21 November 2022 
Type: Error , , , 
The remote server returned an error: (403) Forbidden.  

====================================================

TimeStamp: 14:38:45, 21 November 2022 
Type: Error , , , 
The remote server returned an error: (403) Forbidden.  

====================================================

TimeStamp: 14:38:46, 21 November 2022 
Type: Error , , , 
The remote server returned an error: (403) Forbidden.  

====================================================

TimeStamp: 14:38:47, 21 November 2022 
Type: Error , , , 
The remote server returned an error: (403) Forbidden.  

====================================================

TimeStamp: 14:38:48, 21 November 2022 
Type: Error , , , 
The remote server returned an error: (403) Forbidden.  

====================================================

TimeStamp: 14:38:49, 21 November 2022 
Type: Error , , , 
The remote server returned an error: (403) Forbidden.  

====================================================

TimeStamp: 14:38:50, 21 November 2022 
Type: Error , , , 
The remote server returned an error: (403) Forbidden.  

====================================================

TimeStamp: 14:38:51, 21 November 2022 
Type: Error , , , 
The remote server returned an error: (403) Forbidden.  

====================================================

TimeStamp: 14:38:52, 21 November 2022 
Type: Error , , , 
The remote server returned an error: (403) Forbidden.  

====================================================

TimeStamp: 14:38:52, 21 November 2022 
Type: Error , , , 
The remote server returned an error: (403) Forbidden.  

====================================================

TimeStamp: 14:38:53, 21 November 2022 
Type: Error , , , 
The remote server returned an error: (403) Forbidden.  

====================================================

TimeStamp: 14:38:54, 21 November 2022 
Type: Error , , , 
The remote server returned an error: (403) Forbidden.  

====================================================

TimeStamp: 14:38:55, 21 November 2022 
Type: Error , , , 
The remote server returned an error: (403) Forbidden.  

====================================================

TimeStamp: 14:38:55, 21 November 2022 
Type: Error , , , 
The remote server returned an error: (403) Forbidden.  

====================================================

TimeStamp: 14:38:56, 21 November 2022 
Type: Error , , , 
The remote server returned an error: (403) Forbidden.  

====================================================

TimeStamp: 14:38:57, 21 November 2022 
Type: Error , , , 
The remote server returned an error: (403) Forbidden.  

====================================================

TimeStamp: 14:38:58, 21 November 2022 
Type: Error , , , 
The remote server returned an error: (403) Forbidden.  

====================================================

TimeStamp: 14:38:59, 21 November 2022 
Type: Error , , , 
The remote server returned an error: (403) Forbidden.  

====================================================

TimeStamp: 14:39:00, 21 November 2022 
Type: Error , , , 
The remote server returned an error: (403) Forbidden.  

====================================================

TimeStamp: 14:39:01, 21 November 2022 
Type: Error , , , 
The remote server returned an error: (403) Forbidden.  

====================================================

TimeStamp: 14:39:01, 21 November 2022 
Type: Error , , , 
The remote server returned an error: (403) Forbidden.  

====================================================

TimeStamp: 14:39:02, 21 November 2022 
Type: Error , , , 
The remote server returned an error: (403) Forbidden.  

====================================================

TimeStamp: 14:39:03, 21 November 2022 
Type: Error , , , 
The remote server returned an error: (403) Forbidden.  

====================================================

TimeStamp: 14:39:04, 21 November 2022 
Type: Error , , , 
The remote server returned an error: (403) Forbidden.  

====================================================

TimeStamp: 14:39:05, 21 November 2022 
Type: Error , , , 
The remote server returned an error: (403) Forbidden.  

====================================================

TimeStamp: 14:39:06, 21 November 2022 
Type: Error , , , 
The remote server returned an error: (403) Forbidden.  

====================================================

TimeStamp: 14:39:07, 21 November 2022 
Type: Error , , , 
The remote server returned an error: (403) Forbidden.  

====================================================

TimeStamp: 14:39:07, 21 November 2022 
Type: Error , , , 
The remote server returned an error: (403) Forbidden.  

====================================================

TimeStamp: 14:39:08, 21 November 2022 
Type: Error , , , 
The remote server returned an error: (403) Forbidden.  

====================================================

TimeStamp: 14:39:09, 21 November 2022 
Type: Error , , , 
The remote server returned an error: (403) Forbidden.  

====================================================

TimeStamp: 14:39:10, 21 November 2022 
Type: Error , , , 
The remote server returned an error: (403) Forbidden.  

====================================================

TimeStamp: 14:39:11, 21 November 2022 
Type: Error , , , 
The remote server returned an error: (403) Forbidden.  

====================================================

TimeStamp: 14:39:12, 21 November 2022 
Type: Error , , , 
The remote server returned an error: (403) Forbidden.  

====================================================

TimeStamp: 14:39:13, 21 November 2022 
Type: Error , , , 
The remote server returned an error: (403) Forbidden.  

====================================================

TimeStamp: 14:39:14, 21 November 2022 
Type: Error , , , 
The remote server returned an error: (403) Forbidden.  

====================================================

TimeStamp: 14:39:15, 21 November 2022 
Type: Error , , , 
The remote server returned an error: (403) Forbidden.  

====================================================

TimeStamp: 14:39:16, 21 November 2022 
Type: Error , , , 
The remote server returned an error: (403) Forbidden.  

====================================================

TimeStamp: 14:39:16, 21 November 2022 
Type: Error , , , 
The remote server returned an error: (403) Forbidden.  

====================================================

TimeStamp: 14:39:17, 21 November 2022 
Type: Error , , , 
The remote server returned an error: (403) Forbidden.  

====================================================

TimeStamp: 14:39:18, 21 November 2022 
Type: Error , , , 
The remote server returned an error: (403) Forbidden.  

====================================================

TimeStamp: 14:39:19, 21 November 2022 
Type: Error , , , 
The remote server returned an error: (403) Forbidden.  

====================================================

TimeStamp: 14:39:20, 21 November 2022 
Type: Error , , , 
The remote server returned an error: (403) Forbidden.  

====================================================

TimeStamp: 14:39:21, 21 November 2022 
Type: Error , , , 
The remote server returned an error: (403) Forbidden.  

====================================================

TimeStamp: 14:39:22, 21 November 2022 
Type: Error , , , 
The remote server returned an error: (403) Forbidden.  

====================================================

TimeStamp: 14:39:22, 21 November 2022 
Type: Error , , , 
The remote server returned an error: (403) Forbidden.  

====================================================

TimeStamp: 14:39:23, 21 November 2022 
Type: Error , , , 
The remote server returned an error: (403) Forbidden.  

====================================================

TimeStamp: 14:42:57, 21 November 2022 
Type: Error , , , 
The remote server returned an error: (403) Forbidden.  

====================================================

TimeStamp: 14:46:10, 21 November 2022 
Type: Error , , , 
The remote server returned an error: (403) Forbidden.  

====================================================

TimeStamp: 14:46:11, 21 November 2022 
Type: Error , , , 
The remote server returned an error: (403) Forbidden.  

====================================================

TimeStamp: 14:46:12, 21 November 2022 
Type: Error , , , 
The remote server returned an error: (403) Forbidden.  

====================================================

TimeStamp: 14:46:12, 21 November 2022 
Type: Error , , , 
The remote server returned an error: (403) Forbidden.  

====================================================

TimeStamp: 14:46:13, 21 November 2022 
Type: Error , , , 
The remote server returned an error: (403) Forbidden.  

====================================================

TimeStamp: 14:46:14, 21 November 2022 
Type: Error , , , 
The remote server returned an error: (403) Forbidden.  

====================================================

TimeStamp: 14:46:15, 21 November 2022 
Type: Error , , , 
The remote server returned an error: (403) Forbidden.  

====================================================

TimeStamp: 14:46:16, 21 November 2022 
Type: Error , , , 
The remote server returned an error: (403) Forbidden.  

====================================================

TimeStamp: 14:46:17, 21 November 2022 
Type: Error , , , 
The remote server returned an error: (403) Forbidden.  

====================================================

TimeStamp: 14:46:18, 21 November 2022 
Type: Error , , , 
The remote server returned an error: (403) Forbidden.  

====================================================

TimeStamp: 14:46:19, 21 November 2022 
Type: Error , , , 
The remote server returned an error: (403) Forbidden.  

====================================================

TimeStamp: 14:46:20, 21 November 2022 
Type: Error , , , 
The remote server returned an error: (403) Forbidden.  

====================================================

TimeStamp: 14:46:21, 21 November 2022 
Type: Error , , , 
The remote server returned an error: (403) Forbidden.  

====================================================

TimeStamp: 14:46:22, 21 November 2022 
Type: Error , , , 
The remote server returned an error: (403) Forbidden.  

====================================================

TimeStamp: 14:46:22, 21 November 2022 
Type: Error , , , 
The remote server returned an error: (403) Forbidden.  

====================================================

TimeStamp: 14:46:23, 21 November 2022 
Type: Error , , , 
The remote server returned an error: (403) Forbidden.  

====================================================

TimeStamp: 14:46:24, 21 November 2022 
Type: Error , , , 
The remote server returned an error: (403) Forbidden.  

====================================================

TimeStamp: 14:46:25, 21 November 2022 
Type: Error , , , 
The remote server returned an error: (403) Forbidden.  

====================================================

TimeStamp: 14:46:26, 21 November 2022 
Type: Error , , , 
The remote server returned an error: (403) Forbidden.  

====================================================

TimeStamp: 14:46:27, 21 November 2022 
Type: Error , , , 
The remote server returned an error: (403) Forbidden.  

====================================================

TimeStamp: 14:46:27, 21 November 2022 
Type: Error , , , 
The remote server returned an error: (403) Forbidden.  

====================================================

TimeStamp: 14:46:28, 21 November 2022 
Type: Error , , , 
The remote server returned an error: (403) Forbidden.  

====================================================

TimeStamp: 14:46:29, 21 November 2022 
Type: Error , , , 
The remote server returned an error: (403) Forbidden.  

====================================================

TimeStamp: 14:46:30, 21 November 2022 
Type: Error , , , 
The remote server returned an error: (403) Forbidden.  

====================================================

TimeStamp: 14:47:10, 21 November 2022 
Type: Error , , , 
The remote server returned an error: (403) Forbidden.  

====================================================

TimeStamp: 14:47:11, 21 November 2022 
Type: Error , , , 
The remote server returned an error: (403) Forbidden.  

====================================================

TimeStamp: 14:47:12, 21 November 2022 
Type: Error , , , 
The remote server returned an error: (403) Forbidden.  

====================================================

TimeStamp: 14:47:13, 21 November 2022 
Type: Error , , , 
The remote server returned an error: (403) Forbidden.  

====================================================

TimeStamp: 14:47:14, 21 November 2022 
Type: Error , , , 
The remote server returned an error: (403) Forbidden.  

====================================================

TimeStamp: 14:47:15, 21 November 2022 
Type: Error , , , 
The remote server returned an error: (403) Forbidden.  

====================================================

TimeStamp: 14:47:15, 21 November 2022 
Type: Error , , , 
The remote server returned an error: (403) Forbidden.  

====================================================

TimeStamp: 14:47:16, 21 November 2022 
Type: Error , , , 
The remote server returned an error: (403) Forbidden.  

====================================================

TimeStamp: 14:47:17, 21 November 2022 
Type: Error , , , 
The remote server returned an error: (403) Forbidden.  

====================================================

TimeStamp: 14:47:18, 21 November 2022 
Type: Error , , , 
The remote server returned an error: (403) Forbidden.  

====================================================

TimeStamp: 14:47:19, 21 November 2022 
Type: Error , , , 
The remote server returned an error: (403) Forbidden.  

====================================================

TimeStamp: 14:47:20, 21 November 2022 
Type: Error , , , 
The remote server returned an error: (403) Forbidden.  

====================================================

TimeStamp: 14:47:21, 21 November 2022 
Type: Error , , , 
The remote server returned an error: (403) Forbidden.  

====================================================

TimeStamp: 14:47:22, 21 November 2022 
Type: Error , , , 
The remote server returned an error: (403) Forbidden.  

====================================================

TimeStamp: 14:47:23, 21 November 2022 
Type: Error , , , 
The remote server returned an error: (403) Forbidden.  

====================================================

TimeStamp: 14:47:23, 21 November 2022 
Type: Error , , , 
The remote server returned an error: (403) Forbidden.  

====================================================

TimeStamp: 14:47:24, 21 November 2022 
Type: Error , , , 
The remote server returned an error: (403) Forbidden.  

====================================================

TimeStamp: 14:47:25, 21 November 2022 
Type: Error , , , 
The remote server returned an error: (403) Forbidden.  

====================================================

TimeStamp: 14:47:26, 21 November 2022 
Type: Error , , , 
The remote server returned an error: (403) Forbidden.  

====================================================

TimeStamp: 14:47:27, 21 November 2022 
Type: Error , , , 
The remote server returned an error: (403) Forbidden.  

====================================================

TimeStamp: 14:47:28, 21 November 2022 
Type: Error , , , 
The remote server returned an error: (403) Forbidden.  

====================================================

TimeStamp: 15:09:24, 21 November 2022 
Type: Error , , , 
The remote server returned an error: (403) Forbidden.  

====================================================

