25-10-2022 10:31:11 ============================================================
25-10-2022 10:31:13 Total S100 files : 4
25-10-2022 10:31:14 File found D:\Deepak\LWWUploadTrigger\s100\JCN-D-22-00123.pdf
25-10-2022 10:38:32 ============================================================
25-10-2022 10:38:33 Total S100 files : 4
25-10-2022 10:38:34 File found D:\Deepak\LWWUploadTrigger\s100\JCN-D-22-00123.pdf
25-10-2022 10:47:55 ============================================================
25-10-2022 10:47:55 Total S100 files : 4
25-10-2022 10:47:58 File found D:\Deepak\LWWUploadTrigger\s100\JCN-D-22-00123.pdf
25-10-2022 11:09:35 ============================================================
25-10-2022 11:09:35 Total S100 files : 4
25-10-2022 11:09:36 File found D:\Deepak\LWWUploadTrigger\s100\JCN-D-22-00123.pdf
25-10-2022 11:40:33 ============================================================
25-10-2022 11:40:33 Total S100 files : 1
25-10-2022 11:40:38 File found D:\Deepak\LWWUploadTrigger\s100\MCN-D-22-00109.pdf
25-10-2022 11:44:00 File copied to fms location D:\Deepak\LWWUploadTrigger\upload\MCN\MCN-D-22-00109\MCN-D-22-00109.pdf
25-10-2022 11:46:57 ============================================================
25-10-2022 11:46:57 Total S100 files : 4
25-10-2022 11:46:58 File found D:\Deepak\LWWUploadTrigger\s100\JCN-D-22-00123.pdf
25-10-2022 11:48:50 File not integrated by application D:\Deepak\LWWUploadTrigger\s100\JCN-D-22-00123.pdf
